setting 'ivy.default.settings.dir' to 'jar:file:/Users/alfred/Dropbox/Archive/Development/Own%20Material/foredrag/funcitonal-scala-workshop/koans/sbt-launch.jar!/org/apache/ivy/core/settings'
setting 'ivy.basedir' to '/Users/alfred/Dropbox/Archive/Development/Own Material/foredrag/funcitonal-scala-workshop/koans/.'
setting 'ivy.default.conf.dir' to 'jar:file:/Users/alfred/Dropbox/Archive/Development/Own%20Material/foredrag/funcitonal-scala-workshop/koans/sbt-launch.jar!/org/apache/ivy/core/settings'
impossible to define new type: class not found: org.apache.ivy.plugins.resolver.SshResolver in [] nor Ivy classloader
impossible to define new type: class not found: org.apache.ivy.plugins.resolver.VsftpResolver in [] nor Ivy classloader
impossible to define new type: class not found: org.apache.ivy.plugins.version.PatternVersionMatcher in [] nor Ivy classloader
impossible to define new type: class not found: org.apache.ivy.plugins.trigger.LogTrigger in [] nor Ivy classloader
impossible to define new type: class not found: org.apache.ivy.ant.AntBuildTrigger in [] nor Ivy classloader
impossible to define new type: class not found: org.apache.ivy.plugins.resolver.IvyRepResolver in [] nor Ivy classloader
impossible to define new type: class not found: org.apache.ivy.plugins.signer.bouncycastle.OpenPGPSignatureGenerator in [] nor Ivy classloader
impossible to define new type: class not found: org.apache.ivy.plugins.conflict.RegexpConflictManager in [] nor Ivy classloader
impossible to define new type: class not found: org.apache.ivy.plugins.resolver.SFTPResolver in [] nor Ivy classloader
impossible to define new type: class not found: org.apache.ivy.osgi.updatesite.UpdateSiteResolver in [] nor Ivy classloader
impossible to define new type: class not found: org.apache.ivy.ant.AntCallTrigger in [] nor Ivy classloader
impossible to define new type: class not found: org.apache.ivy.plugins.resolver.MirroredURLResolver in [] nor Ivy classloader
impossible to define new type: class not found: org.apache.ivy.plugins.resolver.packager.PackagerResolver in [] nor Ivy classloader
impossible to define new type: class not found: org.apache.ivy.plugins.resolver.DualResolver in [] nor Ivy classloader
impossible to define new type: class not found: org.apache.ivy.plugins.resolver.VfsResolver in [] nor Ivy classloader
impossible to define new type: class not found: org.apache.ivy.plugins.resolver.JarResolver in [] nor Ivy classloader
impossible to define new type: class not found: org.apache.ivy.osgi.obr.OBRResolver in [] nor Ivy classloader
impossible to define glob matcher: org.apache.ivy.plugins.matcher.GlobPatternMatcher was not found.
setting 'jline.esc.timeout' to '0'
setting 'sbt.ivy.home' to './ivyrepo'
setting 'java.runtime.name' to 'Java(TM) SE Runtime Environment'
setting 'sun.boot.library.path' to '/Library/Java/JavaVirtualMachines/jdk1.7.0_45.jdk/Contents/Home/jre/lib'
setting 'java.vm.version' to '24.45-b08'
setting 'user.country.format' to 'NO'
setting 'gopherProxySet' to 'false'
setting 'java.vm.vendor' to 'Oracle Corporation'
setting 'java.vendor.url' to 'http://java.oracle.com/'
setting 'path.separator' to ':'
setting 'java.vm.name' to 'Java HotSpot(TM) 64-Bit Server VM'
setting 'file.encoding.pkg' to 'sun.io'
setting 'user.country' to 'US'
setting 'sun.java.launcher' to 'SUN_STANDARD'
setting 'sun.os.patch.level' to 'unknown'
setting 'java.vm.specification.name' to 'Java Virtual Machine Specification'
setting 'user.dir' to '/Users/alfred/Dropbox/Archive/Development/Own Material/foredrag/funcitonal-scala-workshop/koans'
setting 'java.runtime.version' to '1.7.0_45-b18'
setting 'java.awt.graphicsenv' to 'sun.awt.CGraphicsEnvironment'
setting 'java.endorsed.dirs' to '/Library/Java/JavaVirtualMachines/jdk1.7.0_45.jdk/Contents/Home/jre/lib/endorsed'
setting 'os.arch' to 'x86_64'
setting 'java.io.tmpdir' to '/var/folders/rf/9fhb8jpd47x9x_29723td2240000gn/T/'
setting 'line.separator' to '
'
setting 'java.vm.specification.vendor' to 'Oracle Corporation'
setting 'os.name' to 'Mac OS X'
setting 'sun.jnu.encoding' to 'UTF-8'
setting 'java.library.path' to '/usr/local/instantclient_10_2:/Library/Java/Extensions:/Users/alfred/Library/Java/Extensions:/Library/Java/Extensions:/Network/Library/Java/Extensions:/System/Library/Java/Extensions:/usr/lib/java:.'
setting 'java.specification.name' to 'Java Platform API Specification'
setting 'java.class.version' to '51.0'
setting 'sun.management.compiler' to 'HotSpot 64-Bit Tiered Compilers'
setting 'os.version' to '10.10.1'
setting 'http.nonProxyHosts' to 'local|*.local|169.254/16|*.169.254/16'
setting 'user.home' to '/Users/alfred'
setting 'user.timezone' to 'Europe/Oslo'
setting 'java.awt.printerjob' to 'sun.lwawt.macosx.CPrinterJob'
setting 'file.encoding' to 'UTF8'
setting 'java.specification.version' to '1.7'
setting 'java.class.path' to './sbt-launch.jar'
setting 'user.name' to 'alfred'
setting 'jline.shutdownhook' to 'false'
setting 'java.vm.specification.version' to '1.7'
setting 'sun.java.command' to './sbt-launch.jar'
setting 'java.home' to '/Library/Java/JavaVirtualMachines/jdk1.7.0_45.jdk/Contents/Home/jre'
setting 'sun.arch.data.model' to '64'
setting 'user.language' to 'en'
setting 'java.specification.vendor' to 'Oracle Corporation'
setting 'awt.toolkit' to 'sun.lwawt.macosx.LWCToolkit'
setting 'java.vm.info' to 'mixed mode'
setting 'java.version' to '1.7.0_45'
setting 'java.ext.dirs' to '/Users/alfred/Library/Java/Extensions:/Library/Java/JavaVirtualMachines/jdk1.7.0_45.jdk/Contents/Home/jre/lib/ext:/Library/Java/Extensions:/Network/Library/Java/Extensions:/System/Library/Java/Extensions:/usr/lib/java'
setting 'sun.boot.class.path' to '/Library/Java/JavaVirtualMachines/jdk1.7.0_45.jdk/Contents/Home/jre/lib/resources.jar:/Library/Java/JavaVirtualMachines/jdk1.7.0_45.jdk/Contents/Home/jre/lib/rt.jar:/Library/Java/JavaVirtualMachines/jdk1.7.0_45.jdk/Contents/Home/jre/lib/sunrsasign.jar:/Library/Java/JavaVirtualMachines/jdk1.7.0_45.jdk/Contents/Home/jre/lib/jsse.jar:/Library/Java/JavaVirtualMachines/jdk1.7.0_45.jdk/Contents/Home/jre/lib/jce.jar:/Library/Java/JavaVirtualMachines/jdk1.7.0_45.jdk/Contents/Home/jre/lib/charsets.jar:/Library/Java/JavaVirtualMachines/jdk1.7.0_45.jdk/Contents/Home/jre/lib/jfr.jar:/Library/Java/JavaVirtualMachines/jdk1.7.0_45.jdk/Contents/Home/jre/lib/JObjC.jar:/Library/Java/JavaVirtualMachines/jdk1.7.0_45.jdk/Contents/Home/jre/classes'
setting 'java.vendor' to 'Oracle Corporation'
setting 'file.separator' to '/'
setting 'java.vendor.url.bug' to 'http://bugreport.sun.com/bugreport/'
setting 'sun.io.unicode.encoding' to 'UnicodeBig'
setting 'sun.cpu.endian' to 'little'
setting 'sbt.boot.directory' to './sbtboot'
setting 'socksNonProxyHosts' to 'local|*.local|169.254/16|*.169.254/16'
setting 'ftp.nonProxyHosts' to 'local|*.local|169.254/16|*.169.254/16'
setting 'sun.cpu.isalist' to ''
setting 'ivy.default.ivy.user.dir' to '/Users/alfred/Dropbox/Archive/Development/Own Material/foredrag/funcitonal-scala-workshop/koans/ivyrepo'
setting 'ivy.home' to '/Users/alfred/Dropbox/Archive/Development/Own Material/foredrag/funcitonal-scala-workshop/koans/ivyrepo'
setting 'ivy.cache.dir' to '/Users/alfred/Dropbox/Archive/Development/Own Material/foredrag/funcitonal-scala-workshop/koans/ivyrepo/cache'
no default cache defined: set to /Users/alfred/Dropbox/Archive/Development/Own Material/foredrag/funcitonal-scala-workshop/koans/ivyrepo/cache
setting 'ivy.checksums' to 'sha1,md5'
setting 'ivy.basedir' to '/Users/alfred/Dropbox/Archive/Development/Own Material/foredrag/funcitonal-scala-workshop/koans/sbtboot'
setting 'basedir' to '/Users/alfred/Dropbox/Archive/Development/Own Material/foredrag/funcitonal-scala-workshop/koans/sbtboot'
setting 'scala' to '2.10.3'
:: resolving dependencies :: org.scala-sbt#boot-scala;1.0
	confs: [default]
	validate = true
	refresh = false
resolving dependencies for configuration 'default'
== resolving dependencies for org.scala-sbt#boot-scala;1.0 [default]
loadData of org.scala-sbt#boot-scala;1.0 of rootConf=default
== resolving dependencies org.scala-sbt#boot-scala;1.0->org.scala-lang#scala-compiler;2.10.3 [default->default]
loadData of org.scala-lang#scala-compiler;2.10.3 of rootConf=default
	using redefined-public to resolve org.scala-lang#scala-compiler;2.10.3
redefined-public: Checking cache for: dependency: org.scala-lang#scala-compiler;2.10.3 {default=[default, optional(default)]}
redefined-public: no namespace defined: using system
No entry is found in the ModuleDescriptorCache : /Users/alfred/Dropbox/Archive/Development/Own Material/foredrag/funcitonal-scala-workshop/koans/ivyrepo/cache/org.scala-lang/scala-compiler/ivy-2.10.3.xml
post 1.3 ivy file: using exact as default matcher
	resolver not found: null => trying to use the one configured for org.scala-lang#scala-compiler;2.10.3
	configured resolver found for org.scala-lang#scala-compiler;2.10.3: redefined-public: saving this data
	found ivy file in cache for org.scala-lang#scala-compiler;2.10.3 (resolved by redefined-public): /Users/alfred/Dropbox/Archive/Development/Own Material/foredrag/funcitonal-scala-workshop/koans/ivyrepo/cache/org.scala-lang/scala-compiler/ivy-2.10.3.xml
redefined-public: module revision found in cache: org.scala-lang#scala-compiler;2.10.3
redefined-public: no latest strategy defined: using default
	found org.scala-lang#scala-compiler;2.10.3 in redefined-public
== resolving dependencies org.scala-sbt#boot-scala;1.0->org.scala-lang#scala-compiler;2.10.3 [default->runtime]
loadData of org.scala-lang#scala-compiler;2.10.3 of rootConf=default
== resolving dependencies org.scala-sbt#boot-scala;1.0->org.scala-lang#scala-compiler;2.10.3 [default->compile]
loadData of org.scala-lang#scala-compiler;2.10.3 of rootConf=default
== resolving dependencies org.scala-lang#scala-compiler;2.10.3->org.scala-lang#scala-library;2.10.3 [compile->master(*)]
loadData of org.scala-lang#scala-library;2.10.3 of rootConf=default
	using redefined-public to resolve org.scala-lang#scala-library;2.10.3
redefined-public: Checking cache for: dependency: org.scala-lang#scala-library;2.10.3 {compile=[compile(*), master(*)], runtime=[runtime(*)]}
No entry is found in the ModuleDescriptorCache : /Users/alfred/Dropbox/Archive/Development/Own Material/foredrag/funcitonal-scala-workshop/koans/ivyrepo/cache/org.scala-lang/scala-library/ivy-2.10.3.xml
post 1.3 ivy file: using exact as default matcher
	resolver not found: null => trying to use the one configured for org.scala-lang#scala-library;2.10.3
	configured resolver found for org.scala-lang#scala-library;2.10.3: redefined-public: saving this data
	found ivy file in cache for org.scala-lang#scala-library;2.10.3 (resolved by redefined-public): /Users/alfred/Dropbox/Archive/Development/Own Material/foredrag/funcitonal-scala-workshop/koans/ivyrepo/cache/org.scala-lang/scala-library/ivy-2.10.3.xml
redefined-public: module revision found in cache: org.scala-lang#scala-library;2.10.3
	found org.scala-lang#scala-library;2.10.3 in redefined-public
== resolving dependencies org.scala-lang#scala-compiler;2.10.3->org.scala-lang#scala-library;2.10.3 [compile->compile(*)]
loadData of org.scala-lang#scala-library;2.10.3 of rootConf=default
== resolving dependencies org.scala-lang#scala-compiler;2.10.3->org.scala-lang#scala-library;2.10.3 [compile->default]
loadData of org.scala-lang#scala-library;2.10.3 of rootConf=default
== resolving dependencies org.scala-lang#scala-compiler;2.10.3->org.scala-lang#scala-library;2.10.3 [compile->runtime]
loadData of org.scala-lang#scala-library;2.10.3 of rootConf=default
== resolving dependencies org.scala-lang#scala-compiler;2.10.3->org.scala-lang#scala-library;2.10.3 [compile->compile]
loadData of org.scala-lang#scala-library;2.10.3 of rootConf=default
== resolving dependencies org.scala-lang#scala-compiler;2.10.3->org.scala-lang#scala-library;2.10.3 [compile->master]
loadData of org.scala-lang#scala-library;2.10.3 of rootConf=default
== resolving dependencies org.scala-lang#scala-compiler;2.10.3->org.scala-lang#scala-library;2.10.3 [compile->runtime(*)]
loadData of org.scala-lang#scala-library;2.10.3 of rootConf=default
== resolving dependencies org.scala-lang#scala-compiler;2.10.3->org.scala-lang#scala-library;2.10.3 [compile->compile]
loadData of org.scala-lang#scala-library;2.10.3 of rootConf=default
default is loaded and no conf to load.  Skip loading
== resolving dependencies org.scala-lang#scala-compiler;2.10.3->org.scala-lang#scala-reflect;2.10.3 [compile->master(*)]
loadData of org.scala-lang#scala-reflect;2.10.3 of rootConf=default
	using redefined-public to resolve org.scala-lang#scala-reflect;2.10.3
redefined-public: Checking cache for: dependency: org.scala-lang#scala-reflect;2.10.3 {compile=[compile(*), master(*)], runtime=[runtime(*)]}
No entry is found in the ModuleDescriptorCache : /Users/alfred/Dropbox/Archive/Development/Own Material/foredrag/funcitonal-scala-workshop/koans/ivyrepo/cache/org.scala-lang/scala-reflect/ivy-2.10.3.xml
post 1.3 ivy file: using exact as default matcher
	resolver not found: null => trying to use the one configured for org.scala-lang#scala-reflect;2.10.3
	configured resolver found for org.scala-lang#scala-reflect;2.10.3: redefined-public: saving this data
	found ivy file in cache for org.scala-lang#scala-reflect;2.10.3 (resolved by redefined-public): /Users/alfred/Dropbox/Archive/Development/Own Material/foredrag/funcitonal-scala-workshop/koans/ivyrepo/cache/org.scala-lang/scala-reflect/ivy-2.10.3.xml
redefined-public: module revision found in cache: org.scala-lang#scala-reflect;2.10.3
	found org.scala-lang#scala-reflect;2.10.3 in redefined-public
== resolving dependencies org.scala-lang#scala-compiler;2.10.3->org.scala-lang#scala-reflect;2.10.3 [compile->compile(*)]
loadData of org.scala-lang#scala-reflect;2.10.3 of rootConf=default
== resolving dependencies org.scala-lang#scala-reflect;2.10.3->org.scala-lang#scala-library;2.10.3 [compile->master(*)]
loadData of org.scala-lang#scala-library;2.10.3 of rootConf=default
default is loaded and no conf to load.  Skip loading
== resolving dependencies org.scala-lang#scala-reflect;2.10.3->org.scala-lang#scala-library;2.10.3 [compile->compile(*)]
loadData of org.scala-lang#scala-library;2.10.3 of rootConf=default
default is loaded and no conf to load.  Skip loading
== resolving dependencies org.scala-lang#scala-compiler;2.10.3->org.scala-lang#scala-reflect;2.10.3 [compile->runtime(*)]
loadData of org.scala-lang#scala-reflect;2.10.3 of rootConf=default
== resolving dependencies org.scala-lang#scala-compiler;2.10.3->org.scala-lang#scala-reflect;2.10.3 [compile->compile]
loadData of org.scala-lang#scala-reflect;2.10.3 of rootConf=default
== resolving dependencies org.scala-lang#scala-reflect;2.10.3->org.scala-lang#scala-library;2.10.3 [runtime->runtime(*)]
loadData of org.scala-lang#scala-library;2.10.3 of rootConf=default
default is loaded and no conf to load.  Skip loading
== resolving dependencies org.scala-lang#scala-reflect;2.10.3->org.scala-lang#scala-library;2.10.3 [runtime->compile]
loadData of org.scala-lang#scala-library;2.10.3 of rootConf=default
default is loaded and no conf to load.  Skip loading
== resolving dependencies org.scala-lang#scala-compiler;2.10.3->org.scala-lang#scala-library;2.10.3 [runtime->runtime(*)]
loadData of org.scala-lang#scala-library;2.10.3 of rootConf=default
default is loaded and no conf to load.  Skip loading
== resolving dependencies org.scala-lang#scala-compiler;2.10.3->org.scala-lang#scala-library;2.10.3 [runtime->compile]
loadData of org.scala-lang#scala-library;2.10.3 of rootConf=default
default is loaded and no conf to load.  Skip loading
== resolving dependencies org.scala-lang#scala-compiler;2.10.3->org.scala-lang#scala-reflect;2.10.3 [runtime->runtime(*)]
loadData of org.scala-lang#scala-reflect;2.10.3 of rootConf=default
default is loaded and no conf to load.  Skip loading
== resolving dependencies org.scala-lang#scala-compiler;2.10.3->org.scala-lang#scala-reflect;2.10.3 [runtime->compile]
loadData of org.scala-lang#scala-reflect;2.10.3 of rootConf=default
default is loaded and no conf to load.  Skip loading
== resolving dependencies org.scala-sbt#boot-scala;1.0->org.scala-lang#scala-compiler;2.10.3 [default->master]
loadData of org.scala-lang#scala-compiler;2.10.3 of rootConf=default
== resolving dependencies org.scala-sbt#boot-scala;1.0->org.scala-lang#scala-compiler;2.10.3 [default->optional(default)]
loadData of org.scala-lang#scala-compiler;2.10.3 of rootConf=default
== resolving dependencies org.scala-lang#scala-compiler;2.10.3->org.scala-lang#jline;2.10.3 [optional->master(*)]
loadData of org.scala-lang#jline;2.10.3 of rootConf=default
	using redefined-public to resolve org.scala-lang#jline;2.10.3
redefined-public: Checking cache for: dependency: org.scala-lang#jline;2.10.3 {optional=[compile(*), master(*)]}
	no ivy file in cache for org.scala-lang#jline;2.10.3: tried /Users/alfred/Dropbox/Archive/Development/Own Material/foredrag/funcitonal-scala-workshop/koans/ivyrepo/cache/org.scala-lang/jline/ivy-2.10.3.xml
local: no namespace defined: using system
	no ivy file in cache for org.scala-lang#jline;2.10.3: tried /Users/alfred/Dropbox/Archive/Development/Own Material/foredrag/funcitonal-scala-workshop/koans/ivyrepo/cache/org.scala-lang/jline/ivy-2.10.3.xml
	 trying /Users/alfred/Dropbox/Archive/Development/Own Material/foredrag/funcitonal-scala-workshop/koans/ivyrepo/local/org.scala-lang/jline/2.10.3/ivys/ivy.xml
		tried /Users/alfred/Dropbox/Archive/Development/Own Material/foredrag/funcitonal-scala-workshop/koans/ivyrepo/local/org.scala-lang/jline/2.10.3/ivys/ivy.xml
	local: resource not reachable for org.scala-lang#jline;2.10.3: res=/Users/alfred/Dropbox/Archive/Development/Own Material/foredrag/funcitonal-scala-workshop/koans/ivyrepo/local/org.scala-lang/jline/2.10.3/ivys/ivy.xml
	 trying /Users/alfred/Dropbox/Archive/Development/Own Material/foredrag/funcitonal-scala-workshop/koans/ivyrepo/local/org.scala-lang/jline/2.10.3/jars/jline.jar
		tried /Users/alfred/Dropbox/Archive/Development/Own Material/foredrag/funcitonal-scala-workshop/koans/ivyrepo/local/org.scala-lang/jline/2.10.3/jars/jline.jar
	local: resource not reachable for org.scala-lang#jline;2.10.3: res=/Users/alfred/Dropbox/Archive/Development/Own Material/foredrag/funcitonal-scala-workshop/koans/ivyrepo/local/org.scala-lang/jline/2.10.3/jars/jline.jar
	local: no ivy file nor artifact found for org.scala-lang#jline;2.10.3
typesafe-ivy-releases: no namespace defined: using system
	no ivy file in cache for org.scala-lang#jline;2.10.3: tried /Users/alfred/Dropbox/Archive/Development/Own Material/foredrag/funcitonal-scala-workshop/koans/ivyrepo/cache/org.scala-lang/jline/ivy-2.10.3.xml
	 trying http://repo.typesafe.com/typesafe/ivy-releases/org.scala-lang/jline/2.10.3/ivys/ivy.xml
		tried http://repo.typesafe.com/typesafe/ivy-releases/org.scala-lang/jline/2.10.3/ivys/ivy.xml
HTTP response status: 404 url=http://repo.typesafe.com/typesafe/ivy-releases/org.scala-lang/jline/2.10.3/ivys/ivy.xml
CLIENT ERROR: Not Found url=http://repo.typesafe.com/typesafe/ivy-releases/org.scala-lang/jline/2.10.3/ivys/ivy.xml
	typesafe-ivy-releases: resource not reachable for org.scala-lang#jline;2.10.3: res=http://repo.typesafe.com/typesafe/ivy-releases/org.scala-lang/jline/2.10.3/ivys/ivy.xml
	typesafe-ivy-releases: no ivy file found for org.scala-lang#jline;2.10.3
Maven Central: no namespace defined: using system
	no ivy file in cache for org.scala-lang#jline;2.10.3: tried /Users/alfred/Dropbox/Archive/Development/Own Material/foredrag/funcitonal-scala-workshop/koans/ivyrepo/cache/org.scala-lang/jline/ivy-2.10.3.xml
	 trying http://repo1.maven.org/maven2/org/scala-lang/jline/2.10.3/jline-2.10.3.pom
		tried http://repo1.maven.org/maven2/org/scala-lang/jline/2.10.3/jline-2.10.3.pom
	Maven Central: found md file for org.scala-lang#jline;2.10.3
		=> http://repo1.maven.org/maven2/org/scala-lang/jline/2.10.3/jline-2.10.3.pom (2.10.3)
	parser = pom parser
	no ivy file in cache for org.scala-lang#jline;2.10.3: tried /Users/alfred/Dropbox/Archive/Development/Own Material/foredrag/funcitonal-scala-workshop/koans/ivyrepo/cache/org.scala-lang/jline/ivy-2.10.3.xml
downloading http://repo1.maven.org/maven2/org/scala-lang/jline/2.10.3/jline-2.10.3.pom ...
	Maven Central: downloading http://repo1.maven.org/maven2/org/scala-lang/jline/2.10.3/jline-2.10.3.pom
		to /Users/alfred/Dropbox/Archive/Development/Own Material/foredrag/funcitonal-scala-workshop/koans/ivyrepo/cache/org.scala-lang/jline/ivy-2.10.3.xml.original.part
sha1 file found for http://repo1.maven.org/maven2/org/scala-lang/jline/2.10.3/jline-2.10.3.pom: checking...
	Maven Central: downloading http://repo1.maven.org/maven2/org/scala-lang/jline/2.10.3/jline-2.10.3.pom.sha1
		to /var/folders/rf/9fhb8jpd47x9x_29723td2240000gn/T/ivytmp5576269834190006744sha1
sha1 OK for http://repo1.maven.org/maven2/org/scala-lang/jline/2.10.3/jline-2.10.3.pom
	[SUCCESSFUL ] org.scala-lang#jline;2.10.3!jline.pom(pom.original) (691ms)
	 trying /Users/alfred/Dropbox/Archive/Development/Own Material/foredrag/funcitonal-scala-workshop/koans/ivyrepo/local/org.scala-lang/jline/2.10.3/jars/jline.jar
		tried /Users/alfred/Dropbox/Archive/Development/Own Material/foredrag/funcitonal-scala-workshop/koans/ivyrepo/local/org.scala-lang/jline/2.10.3/jars/jline.jar
	local: resource not reachable for org.scala-lang#jline;2.10.3: res=/Users/alfred/Dropbox/Archive/Development/Own Material/foredrag/funcitonal-scala-workshop/koans/ivyrepo/local/org.scala-lang/jline/2.10.3/jars/jline.jar
	 trying http://repo.typesafe.com/typesafe/ivy-releases/org.scala-lang/jline/2.10.3/jars/jline.jar
		tried http://repo.typesafe.com/typesafe/ivy-releases/org.scala-lang/jline/2.10.3/jars/jline.jar
HTTP response status: 404 url=http://repo.typesafe.com/typesafe/ivy-releases/org.scala-lang/jline/2.10.3/jars/jline.jar
CLIENT ERROR: Not Found url=http://repo.typesafe.com/typesafe/ivy-releases/org.scala-lang/jline/2.10.3/jars/jline.jar
	typesafe-ivy-releases: resource not reachable for org.scala-lang#jline;2.10.3: res=http://repo.typesafe.com/typesafe/ivy-releases/org.scala-lang/jline/2.10.3/jars/jline.jar
	 trying http://repo1.maven.org/maven2/org/scala-lang/jline/2.10.3/jline-2.10.3.jar
		tried http://repo1.maven.org/maven2/org/scala-lang/jline/2.10.3/jline-2.10.3.jar
no source artifact found for org.scala-lang#jline;2.10.3
no javadoc artifact found for org.scala-lang#jline;2.10.3
	default-cache: parsed downloaded md file for org.scala-lang#jline;2.10.3; parsed=org.scala-lang#jline;2.10.3
	checking org.scala-lang#jline;2.10.3 from Maven Central against [none]
	module revision kept as first found: org.scala-lang#jline;2.10.3 from Maven Central
	found org.scala-lang#jline;2.10.3 in Maven Central
== resolving dependencies org.scala-lang#scala-compiler;2.10.3->org.scala-lang#jline;2.10.3 [optional->compile(*)]
loadData of org.scala-lang#jline;2.10.3 of rootConf=default
== resolving dependencies org.scala-lang#jline;2.10.3->org.fusesource.jansi#jansi;1.4 [compile->master(*)]
loadData of org.fusesource.jansi#jansi;1.4 of rootConf=default
	using redefined-public to resolve org.fusesource.jansi#jansi;1.4
redefined-public: Checking cache for: dependency: org.fusesource.jansi#jansi;1.4 {compile=[compile(*), master(*)], runtime=[runtime(*)]}
	no ivy file in cache for org.fusesource.jansi#jansi;1.4: tried /Users/alfred/Dropbox/Archive/Development/Own Material/foredrag/funcitonal-scala-workshop/koans/ivyrepo/cache/org.fusesource.jansi/jansi/ivy-1.4.xml
	no ivy file in cache for org.fusesource.jansi#jansi;1.4: tried /Users/alfred/Dropbox/Archive/Development/Own Material/foredrag/funcitonal-scala-workshop/koans/ivyrepo/cache/org.fusesource.jansi/jansi/ivy-1.4.xml
	 trying /Users/alfred/Dropbox/Archive/Development/Own Material/foredrag/funcitonal-scala-workshop/koans/ivyrepo/local/org.fusesource.jansi/jansi/1.4/ivys/ivy.xml
		tried /Users/alfred/Dropbox/Archive/Development/Own Material/foredrag/funcitonal-scala-workshop/koans/ivyrepo/local/org.fusesource.jansi/jansi/1.4/ivys/ivy.xml
	local: resource not reachable for org.fusesource.jansi#jansi;1.4: res=/Users/alfred/Dropbox/Archive/Development/Own Material/foredrag/funcitonal-scala-workshop/koans/ivyrepo/local/org.fusesource.jansi/jansi/1.4/ivys/ivy.xml
	 trying /Users/alfred/Dropbox/Archive/Development/Own Material/foredrag/funcitonal-scala-workshop/koans/ivyrepo/local/org.fusesource.jansi/jansi/1.4/jars/jansi.jar
		tried /Users/alfred/Dropbox/Archive/Development/Own Material/foredrag/funcitonal-scala-workshop/koans/ivyrepo/local/org.fusesource.jansi/jansi/1.4/jars/jansi.jar
	local: resource not reachable for org.fusesource.jansi#jansi;1.4: res=/Users/alfred/Dropbox/Archive/Development/Own Material/foredrag/funcitonal-scala-workshop/koans/ivyrepo/local/org.fusesource.jansi/jansi/1.4/jars/jansi.jar
	local: no ivy file nor artifact found for org.fusesource.jansi#jansi;1.4
	no ivy file in cache for org.fusesource.jansi#jansi;1.4: tried /Users/alfred/Dropbox/Archive/Development/Own Material/foredrag/funcitonal-scala-workshop/koans/ivyrepo/cache/org.fusesource.jansi/jansi/ivy-1.4.xml
	 trying http://repo.typesafe.com/typesafe/ivy-releases/org.fusesource.jansi/jansi/1.4/ivys/ivy.xml
		tried http://repo.typesafe.com/typesafe/ivy-releases/org.fusesource.jansi/jansi/1.4/ivys/ivy.xml
HTTP response status: 404 url=http://repo.typesafe.com/typesafe/ivy-releases/org.fusesource.jansi/jansi/1.4/ivys/ivy.xml
CLIENT ERROR: Not Found url=http://repo.typesafe.com/typesafe/ivy-releases/org.fusesource.jansi/jansi/1.4/ivys/ivy.xml
	typesafe-ivy-releases: resource not reachable for org.fusesource.jansi#jansi;1.4: res=http://repo.typesafe.com/typesafe/ivy-releases/org.fusesource.jansi/jansi/1.4/ivys/ivy.xml
	typesafe-ivy-releases: no ivy file found for org.fusesource.jansi#jansi;1.4
	no ivy file in cache for org.fusesource.jansi#jansi;1.4: tried /Users/alfred/Dropbox/Archive/Development/Own Material/foredrag/funcitonal-scala-workshop/koans/ivyrepo/cache/org.fusesource.jansi/jansi/ivy-1.4.xml
	 trying http://repo1.maven.org/maven2/org/fusesource/jansi/jansi/1.4/jansi-1.4.pom
		tried http://repo1.maven.org/maven2/org/fusesource/jansi/jansi/1.4/jansi-1.4.pom
	Maven Central: found md file for org.fusesource.jansi#jansi;1.4
		=> http://repo1.maven.org/maven2/org/fusesource/jansi/jansi/1.4/jansi-1.4.pom (1.4)
	parser = pom parser
	no ivy file in cache for org.fusesource.jansi#jansi;1.4: tried /Users/alfred/Dropbox/Archive/Development/Own Material/foredrag/funcitonal-scala-workshop/koans/ivyrepo/cache/org.fusesource.jansi/jansi/ivy-1.4.xml
downloading http://repo1.maven.org/maven2/org/fusesource/jansi/jansi/1.4/jansi-1.4.pom ...
	Maven Central: downloading http://repo1.maven.org/maven2/org/fusesource/jansi/jansi/1.4/jansi-1.4.pom
		to /Users/alfred/Dropbox/Archive/Development/Own Material/foredrag/funcitonal-scala-workshop/koans/ivyrepo/cache/org.fusesource.jansi/jansi/ivy-1.4.xml.original.part
sha1 file found for http://repo1.maven.org/maven2/org/fusesource/jansi/jansi/1.4/jansi-1.4.pom: checking...
	Maven Central: downloading http://repo1.maven.org/maven2/org/fusesource/jansi/jansi/1.4/jansi-1.4.pom.sha1
		to /var/folders/rf/9fhb8jpd47x9x_29723td2240000gn/T/ivytmp2907785898874040042sha1
sha1 OK for http://repo1.maven.org/maven2/org/fusesource/jansi/jansi/1.4/jansi-1.4.pom
	[SUCCESSFUL ] org.fusesource.jansi#jansi;1.4!jansi.pom(pom.original) (672ms)
	 trying /Users/alfred/Dropbox/Archive/Development/Own Material/foredrag/funcitonal-scala-workshop/koans/ivyrepo/local/org.fusesource.jansi/jansi/1.4/jars/jansi.jar
		tried /Users/alfred/Dropbox/Archive/Development/Own Material/foredrag/funcitonal-scala-workshop/koans/ivyrepo/local/org.fusesource.jansi/jansi/1.4/jars/jansi.jar
	local: resource not reachable for org.fusesource.jansi#jansi;1.4: res=/Users/alfred/Dropbox/Archive/Development/Own Material/foredrag/funcitonal-scala-workshop/koans/ivyrepo/local/org.fusesource.jansi/jansi/1.4/jars/jansi.jar
	 trying http://repo.typesafe.com/typesafe/ivy-releases/org.fusesource.jansi/jansi/1.4/jars/jansi.jar
		tried http://repo.typesafe.com/typesafe/ivy-releases/org.fusesource.jansi/jansi/1.4/jars/jansi.jar
HTTP response status: 404 url=http://repo.typesafe.com/typesafe/ivy-releases/org.fusesource.jansi/jansi/1.4/jars/jansi.jar
CLIENT ERROR: Not Found url=http://repo.typesafe.com/typesafe/ivy-releases/org.fusesource.jansi/jansi/1.4/jars/jansi.jar
	typesafe-ivy-releases: resource not reachable for org.fusesource.jansi#jansi;1.4: res=http://repo.typesafe.com/typesafe/ivy-releases/org.fusesource.jansi/jansi/1.4/jars/jansi.jar
	 trying http://repo1.maven.org/maven2/org/fusesource/jansi/jansi/1.4/jansi-1.4.jar
		tried http://repo1.maven.org/maven2/org/fusesource/jansi/jansi/1.4/jansi-1.4.jar
no source artifact found for org.fusesource.jansi#jansi;1.4
no javadoc artifact found for org.fusesource.jansi#jansi;1.4
	default-cache: parsed downloaded md file for org.fusesource.jansi#jansi;1.4; parsed=org.fusesource.jansi#jansi;1.4
	checking org.fusesource.jansi#jansi;1.4 from Maven Central against [none]
	module revision kept as first found: org.fusesource.jansi#jansi;1.4 from Maven Central
	found org.fusesource.jansi#jansi;1.4 in Maven Central
== resolving dependencies org.scala-lang#jline;2.10.3->org.fusesource.jansi#jansi;1.4 [compile->compile(*)]
loadData of org.fusesource.jansi#jansi;1.4 of rootConf=default
== resolving dependencies org.scala-sbt#boot-scala;1.0->org.scala-lang#scala-library;2.10.3 [default->default]
loadData of org.scala-lang#scala-library;2.10.3 of rootConf=default
default is loaded and no conf to load.  Skip loading
== resolving dependencies org.scala-sbt#boot-scala;1.0->org.scala-lang#scala-library;2.10.3 [default->runtime]
loadData of org.scala-lang#scala-library;2.10.3 of rootConf=default
default is loaded and no conf to load.  Skip loading
== resolving dependencies org.scala-sbt#boot-scala;1.0->org.scala-lang#scala-library;2.10.3 [default->compile]
loadData of org.scala-lang#scala-library;2.10.3 of rootConf=default
default is loaded and no conf to load.  Skip loading
== resolving dependencies org.scala-sbt#boot-scala;1.0->org.scala-lang#scala-library;2.10.3 [default->master]
loadData of org.scala-lang#scala-library;2.10.3 of rootConf=default
default is loaded and no conf to load.  Skip loading
Nbr of module to sort : 5
Sort dependencies of : org.scala-lang#scala-compiler;2.10.3 / Number of dependencies = 3
Sort dependencies of : org.scala-lang#scala-library;2.10.3 / Number of dependencies = 0
Sort done for : org.scala-lang#scala-library;2.10.3
Sort dependencies of : org.scala-lang#scala-reflect;2.10.3 / Number of dependencies = 1
Module descriptor is processed : org.scala-lang#scala-library;2.10.3
Sort done for : org.scala-lang#scala-reflect;2.10.3
Sort dependencies of : org.scala-lang#jline;2.10.3 / Number of dependencies = 1
Sort dependencies of : org.fusesource.jansi#jansi;1.4 / Number of dependencies = 1
Sort done for : org.fusesource.jansi#jansi;1.4
Sort done for : org.scala-lang#jline;2.10.3
Sort done for : org.scala-lang#scala-compiler;2.10.3
Module descriptor is processed : org.scala-lang#scala-library;2.10.3
Module descriptor is processed : org.scala-lang#scala-reflect;2.10.3
Module descriptor is processed : org.scala-lang#jline;2.10.3
Module descriptor is processed : org.fusesource.jansi#jansi;1.4
storing dependency org.scala-lang#scala-compiler;2.10.3 in props
storing dependency org.scala-lang#scala-library;2.10.3 in props
	resolved ivy file produced in cache
:: downloading artifacts ::
	[NOT REQUIRED] org.scala-lang#scala-compiler;2.10.3!scala-compiler.jar
	[NOT REQUIRED] org.scala-lang#scala-library;2.10.3!scala-library.jar
	[NOT REQUIRED] org.scala-lang#scala-reflect;2.10.3!scala-reflect.jar
	 trying http://repo1.maven.org/maven2/org/scala-lang/jline/2.10.3/jline-2.10.3.jar
		tried http://repo1.maven.org/maven2/org/scala-lang/jline/2.10.3/jline-2.10.3.jar
downloading http://repo1.maven.org/maven2/org/scala-lang/jline/2.10.3/jline-2.10.3.jar ...
	Maven Central: downloading http://repo1.maven.org/maven2/org/scala-lang/jline/2.10.3/jline-2.10.3.jar
		to /Users/alfred/Dropbox/Archive/Development/Own Material/foredrag/funcitonal-scala-workshop/koans/ivyrepo/cache/org.scala-lang/jline/jars/jline-2.10.3.jar.part
sha1 file found for http://repo1.maven.org/maven2/org/scala-lang/jline/2.10.3/jline-2.10.3.jar: checking...
	Maven Central: downloading http://repo1.maven.org/maven2/org/scala-lang/jline/2.10.3/jline-2.10.3.jar.sha1
		to /var/folders/rf/9fhb8jpd47x9x_29723td2240000gn/T/ivytmp1441758332384141740sha1
sha1 OK for http://repo1.maven.org/maven2/org/scala-lang/jline/2.10.3/jline-2.10.3.jar
	[SUCCESSFUL ] org.scala-lang#jline;2.10.3!jline.jar (663ms)
	 trying http://repo1.maven.org/maven2/org/fusesource/jansi/jansi/1.4/jansi-1.4.jar
		tried http://repo1.maven.org/maven2/org/fusesource/jansi/jansi/1.4/jansi-1.4.jar
downloading http://repo1.maven.org/maven2/org/fusesource/jansi/jansi/1.4/jansi-1.4.jar ...
	Maven Central: downloading http://repo1.maven.org/maven2/org/fusesource/jansi/jansi/1.4/jansi-1.4.jar
		to /Users/alfred/Dropbox/Archive/Development/Own Material/foredrag/funcitonal-scala-workshop/koans/ivyrepo/cache/org.fusesource.jansi/jansi/jars/jansi-1.4.jar.part
sha1 file found for http://repo1.maven.org/maven2/org/fusesource/jansi/jansi/1.4/jansi-1.4.jar: checking...
	Maven Central: downloading http://repo1.maven.org/maven2/org/fusesource/jansi/jansi/1.4/jansi-1.4.jar.sha1
		to /var/folders/rf/9fhb8jpd47x9x_29723td2240000gn/T/ivytmp6963093593636179414sha1
sha1 OK for http://repo1.maven.org/maven2/org/fusesource/jansi/jansi/1.4/jansi-1.4.jar
	[SUCCESSFUL ] org.fusesource.jansi#jansi;1.4!jansi.jar (673ms)
:: resolution report :: resolve 2828ms :: artifacts dl 1339ms
Nbr of module to sort : 5
Sort dependencies of : org.scala-lang#scala-compiler;2.10.3 / Number of dependencies = 3
Sort dependencies of : org.scala-lang#scala-library;2.10.3 / Number of dependencies = 0
Sort done for : org.scala-lang#scala-library;2.10.3
Sort dependencies of : org.scala-lang#scala-reflect;2.10.3 / Number of dependencies = 1
Module descriptor is processed : org.scala-lang#scala-library;2.10.3
Sort done for : org.scala-lang#scala-reflect;2.10.3
Sort dependencies of : org.scala-lang#jline;2.10.3 / Number of dependencies = 1
Sort dependencies of : org.fusesource.jansi#jansi;1.4 / Number of dependencies = 1
Sort done for : org.fusesource.jansi#jansi;1.4
Sort done for : org.scala-lang#jline;2.10.3
Sort done for : org.scala-lang#scala-compiler;2.10.3
Module descriptor is processed : org.scala-lang#scala-library;2.10.3
Module descriptor is processed : org.scala-lang#scala-reflect;2.10.3
Module descriptor is processed : org.scala-lang#jline;2.10.3
Module descriptor is processed : org.fusesource.jansi#jansi;1.4
	report for org.scala-sbt#boot-scala;1.0 default produced in /Users/alfred/Dropbox/Archive/Development/Own Material/foredrag/funcitonal-scala-workshop/koans/sbtboot/resolution-cache/org.scala-sbt-boot-scala-default.xml
	resolve done (2828ms resolve - 1339ms download)
setting 'scala' to '2.10.3'
:: retrieving :: org.scala-sbt#boot-scala
	checkUpToDate=true
post 1.3 ivy file: using exact as default matcher
no explicit confs given for retrieve, using ivy file: file:/Users/alfred/Dropbox/Archive/Development/Own%20Material/foredrag/funcitonal-scala-workshop/koans/sbtboot/resolution-cache/resolved-org.scala-sbt-boot-scala-1.0.xml
	confs: [default]
	retrieving /Users/alfred/Dropbox/Archive/Development/Own Material/foredrag/funcitonal-scala-workshop/koans/ivyrepo/cache/org.fusesource.jansi/jansi/jars/jansi-1.4.jar
		to /Users/alfred/Dropbox/Archive/Development/Own Material/foredrag/funcitonal-scala-workshop/koans/sbtboot/scala-2.10.3/lib/jansi.jar
	retrieving /Users/alfred/Dropbox/Archive/Development/Own Material/foredrag/funcitonal-scala-workshop/koans/ivyrepo/cache/org.scala-lang/scala-library/jars/scala-library-2.10.3.jar
		to /Users/alfred/Dropbox/Archive/Development/Own Material/foredrag/funcitonal-scala-workshop/koans/sbtboot/scala-2.10.3/lib/scala-library.jar
	retrieving /Users/alfred/Dropbox/Archive/Development/Own Material/foredrag/funcitonal-scala-workshop/koans/ivyrepo/cache/org.scala-lang/scala-reflect/jars/scala-reflect-2.10.3.jar
		to /Users/alfred/Dropbox/Archive/Development/Own Material/foredrag/funcitonal-scala-workshop/koans/sbtboot/scala-2.10.3/lib/scala-reflect.jar
	retrieving /Users/alfred/Dropbox/Archive/Development/Own Material/foredrag/funcitonal-scala-workshop/koans/ivyrepo/cache/org.scala-lang/scala-compiler/jars/scala-compiler-2.10.3.jar
		to /Users/alfred/Dropbox/Archive/Development/Own Material/foredrag/funcitonal-scala-workshop/koans/sbtboot/scala-2.10.3/lib/scala-compiler.jar
	retrieving /Users/alfred/Dropbox/Archive/Development/Own Material/foredrag/funcitonal-scala-workshop/koans/ivyrepo/cache/org.scala-lang/jline/jars/jline-2.10.3.jar
		to /Users/alfred/Dropbox/Archive/Development/Own Material/foredrag/funcitonal-scala-workshop/koans/sbtboot/scala-2.10.3/lib/jline.jar
	5 artifacts copied, 0 already retrieved (24447kB/36ms)
	retrieve done (36ms)
